<?xml version="1.0" encoding="UTF-8"?>
<!-- Generated by org.testng.reporters.JUnitXMLReporter -->
<testsuite ignored="0" hostname="DESKTOP-AC5L521" failures="2" tests="4" name="Test" time="10.087" errors="0" timestamp="2026-02-18T19:28:59 IST">
  <testcase classname="day9.AccountRegistration" name="testAccountReg" time="3.972"/>
  <testcase classname="day9.AccountRegistration" name="testTitle" time="0.099"/>
  <testcase classname="day9.AccountLogin" name="enteruserDetails" time="0.008">
    <failure type="java.lang.NullPointerException" message="Cannot invoke &amp;quot;org.openqa.selenium.WebDriver.findElement(org.openqa.selenium.By)&amp;quot; because &amp;quot;this.driver&amp;quot; is null">
      <![CDATA[java.lang.NullPointerException: Cannot invoke "org.openqa.selenium.WebDriver.findElement(org.openqa.selenium.By)" because "this.driver" is null
at day9.AccountLogin.enteruserDetails(AccountLogin.java:32)
at java.base/java.util.ArrayList.forEach(ArrayList.java:1596)
... Removed 25 stack frames]]>
    </failure>
  </testcase> <!-- enteruserDetails -->
  <testcase classname="day9.AccountLogin" name="testMyAccounttitle" time="0.005">
    <failure type="java.lang.NullPointerException" message="Cannot invoke &amp;quot;org.openqa.selenium.WebDriver.findElement(org.openqa.selenium.By)&amp;quot; because &amp;quot;this.driver&amp;quot; is null">
      <![CDATA[java.lang.NullPointerException: Cannot invoke "org.openqa.selenium.WebDriver.findElement(org.openqa.selenium.By)" because "this.driver" is null
at day9.AccountLogin.testMyAccounttitle(AccountLogin.java:45)
at java.base/java.util.ArrayList.forEach(ArrayList.java:1596)
... Removed 25 stack frames]]>
    </failure>
  </testcase> <!-- testMyAccounttitle -->
</testsuite> <!-- Test -->
