<?xml version="1.0" encoding="UTF-8"?>
<!-- Generated by org.testng.reporters.JUnitXMLReporter -->
<testsuite ignored="0" hostname="DESKTOP-AC5L521" failures="0" tests="4" name="Default test" time="18.924" errors="0" timestamp="2026-02-21T18:47:09 IST">
  <testcase classname="day10.BaseTest" name="verifyloginwithcorrectData" time="1.477"/>
  <testcase classname="day10.BaseTest" name="verifyLogoispresent" time="0.087"/>
  <testcase classname="day10.BaseTest" name="verifyforgotpwlinkclickable" time="0.4"/>
  <testcase classname="day10.BaseTest" name="verifyTitle" time="0.021"/>
</testsuite> <!-- Default test -->
