<?xml version="1.0" encoding="UTF-8"?>
<!-- Generated by org.testng.reporters.JUnitXMLReporter -->
<testsuite ignored="0" hostname="DESKTOP-AC5L521" failures="1" tests="4" name="Test" time="16.732" errors="0" timestamp="2026-02-21T19:38:29 IST">
  <testcase classname="day10.LoginTestCase" name="verifyloginwithcorrectData" time="2.19"/>
  <testcase classname="day10.LoginTestCase" name="verifyLogoispresent" time="0.134">
    <failure type="java.lang.AssertionError" message="expected [false] but found [true]">
      <![CDATA[java.lang.AssertionError: expected [false] but found [true]
at day10.LoginTestCase.verifyLogoispresent(LoginTestCase.java:29)
at java.base/java.util.ArrayList.forEach(ArrayList.java:1596)
... Removed 32 stack frames]]>
    </failure>
  </testcase> <!-- verifyLogoispresent -->
  <testcase classname="day10.LoginTestCase" name="verifyforgotpwlinkclickable" time="0.0">
    <skipped/>
  </testcase> <!-- verifyforgotpwlinkclickable -->
  <testcase classname="day10.LoginTestCase" name="verifyTitle" time="0.034"/>
</testsuite> <!-- Test -->
