<?xml version="1.0" encoding="UTF-8"?>
<testng-results ignored="0" total="4" passed="2" failed="1" skipped="1">
  <reporter-output>
  </reporter-output>
  <suite started-at="2026-02-21T19:38:12 IST" name="Suite" finished-at="2026-02-21T19:38:28 IST" duration-ms="16732">
    <groups>
      <group name="Sanity">
        <method signature="LoginTestCase.verifyLogoispresent()[pri:2, instance:day10.LoginTestCase@367ffa75]" name="verifyLogoispresent" class="day10.LoginTestCase"/>
        <method signature="LoginTestCase.verifyforgotpwlinkclickable()[pri:3, instance:day10.LoginTestCase@367ffa75]" name="verifyforgotpwlinkclickable" class="day10.LoginTestCase"/>
        <method signature="LoginTestCase.verifyTitle()[pri:4, instance:day10.LoginTestCase@367ffa75]" name="verifyTitle" class="day10.LoginTestCase"/>
        <method signature="LoginTestCase.verifyloginwithcorrectData()[pri:1, instance:day10.LoginTestCase@367ffa75]" name="verifyloginwithcorrectData" class="day10.LoginTestCase"/>
      </group> <!-- Sanity -->
    </groups>
    <test started-at="2026-02-21T19:38:12 IST" name="Test" finished-at="2026-02-21T19:38:28 IST" duration-ms="16732">
      <class name="day10.LoginTestCase">
        <test-method is-config="true" signature="setup()[pri:0, instance:day10.LoginTestCase@367ffa75]" started-at="2026-02-21T19:38:12 IST" name="setup" finished-at="2026-02-21T19:38:17 IST" duration-ms="5188" status="PASS">
          <reporter-output>
          </reporter-output>
        </test-method> <!-- setup -->
        <test-method signature="verifyloginwithcorrectData()[pri:1, instance:day10.LoginTestCase@367ffa75]" started-at="2026-02-21T19:38:17 IST" name="verifyloginwithcorrectData" finished-at="2026-02-21T19:38:20 IST" duration-ms="2190" status="PASS">
          <reporter-output>
          </reporter-output>
        </test-method> <!-- verifyloginwithcorrectData -->
        <test-method is-config="true" signature="tearDown()[pri:0, instance:day10.LoginTestCase@367ffa75]" started-at="2026-02-21T19:38:20 IST" name="tearDown" finished-at="2026-02-21T19:38:20 IST" duration-ms="308" status="PASS">
          <reporter-output>
          </reporter-output>
        </test-method> <!-- tearDown -->
        <test-method is-config="true" signature="setup()[pri:0, instance:day10.LoginTestCase@367ffa75]" started-at="2026-02-21T19:38:20 IST" name="setup" finished-at="2026-02-21T19:38:24 IST" duration-ms="3985" status="PASS">
          <reporter-output>
          </reporter-output>
        </test-method> <!-- setup -->
        <test-method signature="verifyLogoispresent()[pri:2, instance:day10.LoginTestCase@367ffa75]" started-at="2026-02-21T19:38:24 IST" name="verifyLogoispresent" finished-at="2026-02-21T19:38:24 IST" duration-ms="134" status="FAIL">
          <exception class="java.lang.AssertionError">
            <message>
              <![CDATA[expected [false] but found [true]]]>
            </message>
            <full-stacktrace>
              <![CDATA[java.lang.AssertionError: expected [false] but found [true]
at org.testng.Assert.fail(Assert.java:111)
at org.testng.Assert.failNotEquals(Assert.java:1590)
at org.testng.Assert.assertEqualsImpl(Assert.java:150)
at org.testng.Assert.assertEquals(Assert.java:132)
at org.testng.Assert.assertEquals(Assert.java:1079)
at org.testng.Assert.assertEquals(Assert.java:1043)
at org.testng.Assert.assertEquals(Assert.java:1089)
at day10.LoginTestCase.verifyLogoispresent(LoginTestCase.java:29)
at java.base/jdk.internal.reflect.DirectMethodHandleAccessor.invoke(DirectMethodHandleAccessor.java:103)
at java.base/java.lang.reflect.Method.invoke(Method.java:580)
at org.testng.internal.invokers.MethodInvocationHelper.invokeMethod(MethodInvocationHelper.java:141)
at org.testng.internal.invokers.TestInvoker.invokeMethod(TestInvoker.java:687)
at org.testng.internal.invokers.TestInvoker.invokeTestMethod(TestInvoker.java:230)
at org.testng.internal.invokers.MethodRunner.runInSequence(MethodRunner.java:63)
at org.testng.internal.invokers.TestInvoker$MethodInvocationAgent.invoke(TestInvoker.java:995)
at org.testng.internal.invokers.TestInvoker.invokeTestMethods(TestInvoker.java:203)
at org.testng.internal.invokers.TestMethodWorker.invokeTestMethods(TestMethodWorker.java:154)
at org.testng.internal.invokers.TestMethodWorker.run(TestMethodWorker.java:134)
at java.base/java.util.ArrayList.forEach(ArrayList.java:1596)
at org.testng.TestRunner.privateRun(TestRunner.java:741)
at org.testng.TestRunner.run(TestRunner.java:616)
at org.testng.SuiteRunner.runTest(SuiteRunner.java:421)
at org.testng.SuiteRunner.runSequentially(SuiteRunner.java:413)
at org.testng.SuiteRunner.privateRun(SuiteRunner.java:373)
at org.testng.SuiteRunner.run(SuiteRunner.java:312)
at org.testng.SuiteRunnerWorker.runSuite(SuiteRunnerWorker.java:52)
at org.testng.SuiteRunnerWorker.run(SuiteRunnerWorker.java:95)
at org.testng.TestNG.runSuitesSequentially(TestNG.java:1274)
at org.testng.TestNG.runSuitesLocally(TestNG.java:1208)
at org.testng.TestNG.runSuites(TestNG.java:1112)
at org.testng.TestNG.run(TestNG.java:1079)
at org.testng.remote.AbstractRemoteTestNG.run(AbstractRemoteTestNG.java:115)
at org.testng.remote.RemoteTestNG.initAndRun(RemoteTestNG.java:293)
at org.testng.remote.RemoteTestNG.main(RemoteTestNG.java:91)
]]>
            </full-stacktrace>
          </exception> <!-- java.lang.AssertionError -->
          <reporter-output>
          </reporter-output>
        </test-method> <!-- verifyLogoispresent -->
        <test-method is-config="true" signature="tearDown()[pri:0, instance:day10.LoginTestCase@367ffa75]" started-at="2026-02-21T19:38:24 IST" name="tearDown" finished-at="2026-02-21T19:38:24 IST" duration-ms="286" status="PASS">
          <reporter-output>
          </reporter-output>
        </test-method> <!-- tearDown -->
        <test-method signature="verifyforgotpwlinkclickable()[pri:3, instance:day10.LoginTestCase@367ffa75]" started-at="2026-02-21T19:38:24 IST" name="verifyforgotpwlinkclickable" finished-at="2026-02-21T19:38:24 IST" depends-on-methods="day10.LoginTestCase.verifyLogoispresent" duration-ms="0" status="SKIP">
          <exception class="java.lang.Throwable">
            <message>
              <![CDATA[Method day10.LoginTestCase.verifyforgotpwlinkclickable() on instance day10.LoginTestCase@367ffa75 depends on not successfully finished methods 
[day10.LoginTestCase.verifyLogoispresent() on instance day10.LoginTestCase@367ffa75]]]>
            </message>
            <full-stacktrace>
              <![CDATA[java.lang.Throwable: Method day10.LoginTestCase.verifyforgotpwlinkclickable() on instance day10.LoginTestCase@367ffa75 depends on not successfully finished methods 
[day10.LoginTestCase.verifyLogoispresent() on instance day10.LoginTestCase@367ffa75]
at org.testng.internal.invokers.TestInvoker.invokeTestMethods(TestInvoker.java:159)
at org.testng.internal.invokers.TestMethodWorker.invokeTestMethods(TestMethodWorker.java:154)
at org.testng.internal.invokers.TestMethodWorker.run(TestMethodWorker.java:134)
at java.base/java.util.ArrayList.forEach(ArrayList.java:1596)
at org.testng.TestRunner.privateRun(TestRunner.java:741)
at org.testng.TestRunner.run(TestRunner.java:616)
at org.testng.SuiteRunner.runTest(SuiteRunner.java:421)
at org.testng.SuiteRunner.runSequentially(SuiteRunner.java:413)
at org.testng.SuiteRunner.privateRun(SuiteRunner.java:373)
at org.testng.SuiteRunner.run(SuiteRunner.java:312)
at org.testng.SuiteRunnerWorker.runSuite(SuiteRunnerWorker.java:52)
at org.testng.SuiteRunnerWorker.run(SuiteRunnerWorker.java:95)
at org.testng.TestNG.runSuitesSequentially(TestNG.java:1274)
at org.testng.TestNG.runSuitesLocally(TestNG.java:1208)
at org.testng.TestNG.runSuites(TestNG.java:1112)
at org.testng.TestNG.run(TestNG.java:1079)
at org.testng.remote.AbstractRemoteTestNG.run(AbstractRemoteTestNG.java:115)
at org.testng.remote.RemoteTestNG.initAndRun(RemoteTestNG.java:293)
at org.testng.remote.RemoteTestNG.main(RemoteTestNG.java:91)
]]>
            </full-stacktrace>
          </exception> <!-- java.lang.Throwable -->
          <reporter-output>
          </reporter-output>
        </test-method> <!-- verifyforgotpwlinkclickable -->
        <test-method is-config="true" signature="setup()[pri:0, instance:day10.LoginTestCase@367ffa75]" started-at="2026-02-21T19:38:24 IST" name="setup" finished-at="2026-02-21T19:38:28 IST" duration-ms="3793" status="PASS">
          <reporter-output>
          </reporter-output>
        </test-method> <!-- setup -->
        <test-method signature="verifyTitle()[pri:4, instance:day10.LoginTestCase@367ffa75]" started-at="2026-02-21T19:38:28 IST" name="verifyTitle" finished-at="2026-02-21T19:38:28 IST" duration-ms="34" status="PASS">
          <reporter-output>
          </reporter-output>
        </test-method> <!-- verifyTitle -->
        <test-method is-config="true" signature="tearDown()[pri:0, instance:day10.LoginTestCase@367ffa75]" started-at="2026-02-21T19:38:28 IST" name="tearDown" finished-at="2026-02-21T19:38:28 IST" duration-ms="290" status="PASS">
          <reporter-output>
          </reporter-output>
        </test-method> <!-- tearDown -->
      </class> <!-- day10.LoginTestCase -->
    </test> <!-- Test -->
  </suite> <!-- Suite -->
</testng-results>
