<?xml version="1.0" encoding="UTF-8"?>
<testng-results ignored="0" total="3" passed="3" failed="0" skipped="0">
  <reporter-output>
  </reporter-output>
  <suite started-at="2026-02-19T19:53:25 IST" name="Default suite" finished-at="2026-02-19T19:53:34 IST" duration-ms="8907">
    <groups>
    </groups>
    <test started-at="2026-02-19T19:53:25 IST" name="Default test" finished-at="2026-02-19T19:53:34 IST" duration-ms="8907">
      <class name="day8.PropertiesFileRead">
        <test-method signature="setup()[pri:1, instance:day8.PropertiesFileRead@30c15d8b]" started-at="2026-02-19T19:53:26 IST" name="setup" finished-at="2026-02-19T19:53:31 IST" duration-ms="5567" status="PASS">
          <reporter-output>
          </reporter-output>
        </test-method> <!-- setup -->
        <test-method signature="enteruserDetails()[pri:2, instance:day8.PropertiesFileRead@30c15d8b]" started-at="2026-02-19T19:53:31 IST" name="enteruserDetails" finished-at="2026-02-19T19:53:34 IST" duration-ms="2909" status="PASS">
          <reporter-output>
          </reporter-output>
        </test-method> <!-- enteruserDetails -->
        <test-method signature="tearDown()[pri:3, instance:day8.PropertiesFileRead@30c15d8b]" started-at="2026-02-19T19:53:34 IST" name="tearDown" finished-at="2026-02-19T19:53:34 IST" duration-ms="332" status="PASS">
          <reporter-output>
          </reporter-output>
        </test-method> <!-- tearDown -->
      </class> <!-- day8.PropertiesFileRead -->
    </test> <!-- Default test -->
  </suite> <!-- Default suite -->
</testng-results>
