<?xml version="1.0" encoding="UTF-8"?>
<!-- Generated by org.testng.reporters.JUnitReportReporter -->
<testsuite hostname="DESKTOP-AC5L521" failures="0" tests="3" name="day8.PropertiesFileRead" time="8.808" errors="0" timestamp="2026-02-19T19:53:35 IST" skipped="0">
  <testcase classname="day8.PropertiesFileRead" name="setup" time="5.567"/>
  <testcase classname="day8.PropertiesFileRead" name="enteruserDetails" time="2.909"/>
  <testcase classname="day8.PropertiesFileRead" name="tearDown" time="0.332"/>
</testsuite> <!-- day8.PropertiesFileRead -->
