<?xml version="1.0" encoding="UTF-8"?>
<!-- Generated by org.testng.reporters.JUnitReportReporter -->
<testsuite hostname="DESKTOP-AC5L521" failures="0" tests="4" name="day10.BaseTest" time="18.868" errors="0" timestamp="2026-02-21T18:47:09 IST" skipped="0">
  <testcase classname="day10.BaseTest" name="verifyloginwithcorrectData" time="5.538"/>
  <testcase classname="day10.BaseTest" name="verifyLogoispresent" time="3.608"/>
  <testcase classname="day10.BaseTest" name="verifyforgotpwlinkclickable" time="4.089"/>
  <testcase classname="day10.BaseTest" name="verifyTitle" time="5.633"/>
</testsuite> <!-- day10.BaseTest -->
